Line 21: Class TDBContainer3D6Ctl.TDBContainer3D of control TDB_Bagian was not a loaded control class.
Line 59: Class TrueOleDBGrid60.TDBGrid of control Grid_Bagian was not a loaded control class.
Line 108: Class TDBContainer3D6Ctl.TDBContainer3D of control TDB_Daftar was not a loaded control class.
Line 146: Class TrueOleDBGrid60.TDBGrid of control Grid_Daftar was not a loaded control class.
Line 195: Class TDBContainer3D6Ctl.TDBContainer3D of control TDB_Hapus was not a loaded control class.
Line 233: Class TrueOleDBGrid60.TDBGrid of control Grid_Hapus was not a loaded control class.
Line 282: Class TDBContainer3D6Ctl.TDBContainer3D of control TDB_Rubah was not a loaded control class.
Line 338: Class TrueOleDBGrid60.TDBGrid of control Grid_Rubah was not a loaded control class.
Line 387: Class TDBContainer3D6Ctl.TDBContainer3D of control TDB_Jabatan was not a loaded control class.
Line 443: Class TrueOleDBGrid60.TDBGrid of control Grid_Jabatan was not a loaded control class.
Line 492: Class TDBContainer3D6Ctl.TDBContainer3D of control TDB_Pendidikan was not a loaded control class.
Line 548: Class TrueOleDBGrid60.TDBGrid of control Grid_Pendidikan was not a loaded control class.
Line 597: Class TDBContainer3D6Ctl.TDBContainer3D of control TDB_Status_P was not a loaded control class.
Line 653: Class TrueOleDBGrid60.TDBGrid of control Grid_Status was not a loaded control class.
Line 702: Class TDBContainer3D6Ctl.TDBContainer3D of control TDB_Agama was not a loaded control class.
Line 758: Class TrueOleDBGrid60.TDBGrid of control Grid_Agama was not a loaded control class.
Line 1142: Class TDBNumber6Ctl.TDBNumber of control TDB_Gaji was not a loaded control class.
Line 1200: Class TDBNumber6Ctl.TDBNumber of control TDB_Tunjangan was not a loaded control class.
Line 1258: Class TDBNumber6Ctl.TDBNumber of control TDB_Uang_Makan was not a loaded control class.
Line 1316: Class TDBDate6Ctl.TDBDate of control TDB_Tgl_Masuk was not a loaded control class.
Line 1990: Class TDBDate6Ctl.TDBDate of control TDB_Tgl_Lhr was not a loaded control class.
Line 2294: Class TDBNumber6Ctl.TDBNumber of control TDB_Hutang was not a loaded control class.
